<?xml version="1.0" encoding="UTF-8"?>
<!-- Generated by org.testng.reporters.JUnitReportReporter -->
<testsuite skipped="0" hostname="DESKTOP-RJCGSDR" name="testcases.TC001_CreateLead" tests="1" failures="0" timestamp="12 Oct 2018 19:13:29 GMT" time="16.212" errors="0">
  <testcase name="createLead" time="16.212" classname="testcases.TC001_CreateLead"/>
</testsuite> <!-- testcases.TC001_CreateLead -->
